<?xml version="1.0" encoding="UTF-8"?>
<testng-results ignored="9" total="12" passed="3" failed="0" skipped="0">
  <reporter-output>
  </reporter-output>
  <suite started-at="2022-12-31T10:41:02 IST" name="testng" finished-at="2022-12-31T10:41:33 IST" duration-ms="31922">
    <groups>
    </groups>
    <test started-at="2022-12-31T10:41:02 IST" name="Test" finished-at="2022-12-31T10:41:33 IST" duration-ms="31922">
      <class name="TestPack.WikiTest">
        <test-method signature="wikiTest01()[pri:0, instance:TestPack.WikiTest@644baf4a]" started-at="2022-12-31T10:41:05 IST" name="wikiTest01" finished-at="2022-12-31T10:41:10 IST" duration-ms="5039" status="PASS">
          <reporter-output>
          </reporter-output>
        </test-method> <!-- wikiTest01 -->
        <test-method is-config="true" signature="TestStatus(org.testng.ITestResult)[pri:0, instance:TestPack.WikiTest@644baf4a]" started-at="2022-12-31T10:41:10 IST" name="TestStatus" finished-at="2022-12-31T10:41:10 IST" duration-ms="0" status="PASS">
          <params>
            <param index="0">
              <value>
                <![CDATA[[TestResult name=wikiTest01 status=SUCCESS method=WikiTest.wikiTest01()[pri:0, instance:TestPack.WikiTest@644baf4a] output={null}]]]>
              </value>
            </param>
          </params>
          <reporter-output>
          </reporter-output>
        </test-method> <!-- TestStatus -->
      </class> <!-- TestPack.WikiTest -->
      <class name="TestPack.Verification">
        <test-method is-config="true" signature="extentRepport()[pri:0, instance:TestPack.Verification@2e385cce]" started-at="2022-12-31T10:41:01 IST" name="extentRepport" finished-at="2022-12-31T10:41:02 IST" duration-ms="376" status="PASS">
          <reporter-output>
          </reporter-output>
        </test-method> <!-- extentRepport -->
        <test-method is-config="true" signature="browsetInt()[pri:0, instance:TestPack.Verification@2e385cce]" started-at="2022-12-31T10:41:02 IST" name="browsetInt" finished-at="2022-12-31T10:41:05 IST" duration-ms="3074" status="PASS">
          <reporter-output>
          </reporter-output>
        </test-method> <!-- browsetInt -->
        <test-method signature="compreData()[pri:0, instance:TestPack.Verification@2e385cce]" started-at="2022-12-31T10:41:05 IST" name="compreData" finished-at="2022-12-31T10:41:05 IST" duration-ms="596" status="PASS">
          <reporter-output>
          </reporter-output>
        </test-method> <!-- compreData -->
        <test-method is-config="true" signature="TestStatus(org.testng.ITestResult)[pri:0, instance:TestPack.Verification@2e385cce]" started-at="2022-12-31T10:41:05 IST" name="TestStatus" finished-at="2022-12-31T10:41:05 IST" duration-ms="17" status="PASS">
          <params>
            <param index="0">
              <value>
                <![CDATA[[TestResult name=compreData status=SUCCESS method=Verification.compreData()[pri:0, instance:TestPack.Verification@2e385cce] output={null}]]]>
              </value>
            </param>
          </params>
          <reporter-output>
          </reporter-output>
        </test-method> <!-- TestStatus -->
        <test-method is-config="true" signature="tearDown()[pri:0, instance:TestPack.Verification@2e385cce]" started-at="2022-12-31T10:41:33 IST" name="tearDown" finished-at="2022-12-31T10:41:33 IST" duration-ms="401" status="PASS">
          <reporter-output>
          </reporter-output>
        </test-method> <!-- tearDown -->
      </class> <!-- TestPack.Verification -->
      <class name="TestPack.ImdbTest">
        <test-method signature="Imdb()[pri:0, instance:TestPack.ImdbTest@1ed4ae0f]" started-at="2022-12-31T10:41:10 IST" name="Imdb" finished-at="2022-12-31T10:41:33 IST" duration-ms="22687" status="PASS">
          <reporter-output>
          </reporter-output>
        </test-method> <!-- Imdb -->
        <test-method is-config="true" signature="TestStatus(org.testng.ITestResult)[pri:0, instance:TestPack.ImdbTest@1ed4ae0f]" started-at="2022-12-31T10:41:33 IST" name="TestStatus" finished-at="2022-12-31T10:41:33 IST" duration-ms="16" status="PASS">
          <params>
            <param index="0">
              <value>
                <![CDATA[[TestResult name=Imdb status=SUCCESS method=ImdbTest.Imdb()[pri:0, instance:TestPack.ImdbTest@1ed4ae0f] output={null}]]]>
              </value>
            </param>
          </params>
          <reporter-output>
          </reporter-output>
        </test-method> <!-- TestStatus -->
      </class> <!-- TestPack.ImdbTest -->
    </test> <!-- Test -->
  </suite> <!-- testng -->
</testng-results>
