<?xml version="1.0" encoding="UTF-8"?>
<!-- Generated by org.testng.reporters.JUnitXMLReporter -->
<testsuite ignored="9" hostname="DESKTOP-C49BVRJ" failures="0" tests="3" name="Test" time="31.922" errors="0" timestamp="2022-12-31T10:41:33 IST">
  <testcase classname="TestPack.Verification" name="compreData" time="0.596"/>
  <testcase classname="TestPack.WikiTest" name="wikiTest01" time="5.039"/>
  <testcase classname="TestPack.ImdbTest" name="Imdb" time="22.687"/>
  <testcase classname="TestPack.BaseClass" name="@BeforeSuite extentRepport" time="0.0">
    <ignored/>
  </testcase> <!-- @BeforeSuite extentRepport -->
  <testcase classname="TestPack.BaseClass" name="@BeforeTest browsetInt" time="0.0">
    <ignored/>
  </testcase> <!-- @BeforeTest browsetInt -->
  <testcase classname="TestPack.BaseClass" name="@BeforeSuite extentRepport" time="0.0">
    <ignored/>
  </testcase> <!-- @BeforeSuite extentRepport -->
  <testcase classname="TestPack.BaseClass" name="@BeforeTest browsetInt" time="0.0">
    <ignored/>
  </testcase> <!-- @BeforeTest browsetInt -->
  <testcase classname="TestPack.BaseClass" name="@AfterTest tearDown" time="0.0">
    <ignored/>
  </testcase> <!-- @AfterTest tearDown -->
  <testcase classname="TestPack.BaseClass" name="@AfterTest tearDown" time="0.0">
    <ignored/>
  </testcase> <!-- @AfterTest tearDown -->
  <testcase classname="TestPack.BaseClass" name="@BeforeSuite extentRepport" time="0.0">
    <ignored/>
  </testcase> <!-- @BeforeSuite extentRepport -->
  <testcase classname="TestPack.BaseClass" name="@BeforeTest browsetInt" time="0.0">
    <ignored/>
  </testcase> <!-- @BeforeTest browsetInt -->
  <testcase classname="TestPack.BaseClass" name="@AfterTest tearDown" time="0.0">
    <ignored/>
  </testcase> <!-- @AfterTest tearDown -->
</testsuite> <!-- Test -->
